<html>
<head>
<title>TestNG:  test</title>
<link href="../testng.css" rel="stylesheet" type="text/css" />
<link href="../my-testng.css" rel="stylesheet" type="text/css" />

<style type="text/css">
.log { display: none;} 
.stack-trace { display: none;} 
</style>
<script type="text/javascript">
<!--
function flip(e) {
  current = e.style.display;
  if (current == 'block') {
    e.style.display = 'none';
    return 0;
  }
  else {
    e.style.display = 'block';
    return 1;
  }
}

function toggleBox(szDivId, elem, msg1, msg2)
{
  var res = -1;  if (document.getElementById) {
    res = flip(document.getElementById(szDivId));
  }
  else if (document.all) {
    // this is the way old msie versions work
    res = flip(document.all[szDivId]);
  }
  if(elem) {
    if(res == 0) elem.innerHTML = msg1; else elem.innerHTML = msg2;
  }

}

function toggleAllBoxes() {
  if (document.getElementsByTagName) {
    d = document.getElementsByTagName('div');
    for (i = 0; i < d.length; i++) {
      if (d[i].className == 'log') {
        flip(d[i]);
      }
    }
  }
}

// -->
</script>

</head>
<body>
<h2 align='center'>test</h2><table border='1' align="center">
<tr>
<td>Tests passed/Failed/Skipped:</td><td>0/1/0</td>
</tr><tr>
<td>Started on:</td><td>Sat Aug 24 15:39:44 CEST 2019</td>
</tr>
<tr><td>Total time:</td><td>3 seconds (3880 ms)</td>
</tr><tr>
<td>Included groups:</td><td></td>
</tr><tr>
<td>Excluded groups:</td><td></td>
</tr>
</table><p/>
<small><i>(Hover the method name to see the test class name)</i></small><p/>
<table width='100%' border='1' class='invocation-failed'>
<tr><td colspan='4' align='center'><b>FAILED TESTS</b></td></tr>
<tr><td><b>Test method</b></td>
<td width="30%"><b>Exception</b></td>
<td width="10%"><b>Time (seconds)</b></td>
<td><b>Instance</b></td>
</tr>
<tr>
<td title='qa.tests.ValidateEmails.testPost()'><b>testPost</b><br>Test class: qa.tests.ValidateEmails</td>
<td><div><pre>org.assertj.core.api.SoftAssertionError: 
The following 50 assertions failed:
1) [Email: Lura@rod.tv from postId 21] 
Expecting:
 &lt;false&gt;
to be equal to:
 &lt;true&gt;
but was not.
at ValidateEmails.testPost(ValidateEmails.java:89)
2) [Email: Lottie.Zieme@ruben.us from postId 21] 
Expecting:
 &lt;false&gt;
to be equal to:
 &lt;true&gt;
but was not.
at ValidateEmails.testPost(ValidateEmails.java:89)
3) [Email: Winona_Price@jevon.me from postId 21] 
Expecting:
 &lt;false&gt;
to be equal to:
 &lt;true&gt;
but was not.
at ValidateEmails.testPost(ValidateEmails.java:89)
4) [Email: Gabriel@oceane.biz from postId 21] 
Expecting:
 &lt;false&gt;
to be equal to:
 &lt;true&gt;
but was not.
at ValidateEmails.testPost(ValidateEmails.java:89)
5) [Email: Adolph.Ondricka@mozell.co.uk from postId 21] 
Expecting:
 &lt;false&gt;
to be equal to:
 &lt;true&gt;
but was not.
at ValidateEmails.testPost(ValidateEmails.java:89)
6) [Email: Allen@richard.biz from postId 22] 
Expecting:
 &lt;false&gt;
to be equal to:
 &lt;true&gt;
but was not.
at ValidateEmails.testPost(ValidateEmails.java:89)
7) [Email: Nicholaus@mikayla.ca from postId 22] 
Expecting:
 &lt;false&gt;
to be equal to:
 &lt;true&gt;
but was not.
at ValidateEmails.testPost(ValidateEmails.java:89)
8) [Email: Kayla@susanna.org from postId 22] 
Expecting:
 &lt;false&gt;
to be equal to:
 &lt;true&gt;
but was not.
at ValidateEmails.testPost(ValidateEmails.java:89)
9) [Email: Gideon@amina.name from postId 22] 
Expecting:
 &lt;false&gt;
to be equal to:
 &lt;true&gt;
but was not.
at ValidateEmails.testPost(ValidateEmails.java:89)
10) [Email: Cassidy@maribel.io from postId 22] 
Expecting:
 &lt;false&gt;
to be equal to:
 &lt;true&gt;
but was not.
at ValidateEmails.testPost(ValidateEmails.java:89)
11) [Email: Stefan.Crist@duane.ca from postId 23] 
Expecting:
 &lt;false&gt;
to be equal to:
 &lt;true&gt;
but was not.
at ValidateEmails.testPost(ValidateEmails.java:89)
12) [Email: Aniyah.Ortiz@monte.me from postId 23] 
Expecting:
 &lt;false&gt;
to be equal to:
 &lt;true&gt;
but was not.
at ValidateEmails.testPost(ValidateEmails.java:89)
13) [Email: Laverna@rico.biz from postId 23] 
Expecting:
 &lt;false&gt;
to be equal to:
 &lt;true&gt;
but was not.
at ValidateEmails.testPost(ValidateEmails.java:89)
14) [Email: Derek@hildegard.net from postId 23] 
Expecting:
 &lt;false&gt;
to be equal to:
 &lt;true&gt;
but was not.
at ValidateEmails.testPost(ValidateEmails.java:89)
15) [Email: Tyrell@abdullah.ca from postId 23] 
Expecting:
 &lt;false&gt;
to be equal to:
 &lt;true&gt;
but was not.
at ValidateEmails.testPost(ValidateEmails.java:89)
16) [Email: Reyes@hailey.name from postId 24] 
Expecting:
 &lt;false&gt;
to be equal to:
 &lt;true&gt;
but was not.
at ValidateEmails.testPost(ValidateEmails.java:89)
17) [Email: Danika.Dicki@mekhi.biz from postId 24] 
Expecting:
 &lt;false&gt;
to be equal to:
 &lt;true&gt;
but was not.
at ValidateEmails.testPost(ValidateEmails.java:89)
18) [Email: Alessandra.Nitzsche@stephania.us from postId 24] 
Expecting:
 &lt;false&gt;
to be equal to:
 &lt;true&gt;
but was not.
at ValidateEmails.testPost(ValidateEmails.java:89)
19) [Email: Matteo@marquis.net from postId 24] 
Expecting:
 &lt;false&gt;
to be equal to:
 &lt;true&gt;
but was not.
at ValidateEmails.testPost(ValidateEmails.java:89)
20) [Email: Joshua.Spinka@toby.io from postId 24] 
Expecting:
 &lt;false&gt;
to be equal to:
 &lt;true&gt;
but was not.
at ValidateEmails.testPost(ValidateEmails.java:89)
21) [Email: Annabelle@cole.com from postId 25] 
Expecting:
 &lt;false&gt;
to be equal to:
 &lt;true&gt;
but was not.
at ValidateEmails.testPost(ValidateEmails.java:89)
22) [Email: Kacey@jamal.info from postId 25] 
Expecting:
 &lt;false&gt;
to be equal to:
 &lt;true&gt;
but was not.
at ValidateEmails.testPost(ValidateEmails.java:89)
23) [Email: Mina@mallie.name from postId 25] 
Expecting:
 &lt;false&gt;
to be equal to:
 &lt;true&gt;
but was not.
at ValidateEmails.testPost(ValidateEmails.java:89)
24) [Email: Hudson.Blick@ruben.biz from postId 25] 
Expecting:
 &lt;false&gt;
to be equal to:
 &lt;true&gt;
but was not.
at ValidateEmails.testPost(ValidateEmails.java:89)
25) [Email: Domenic.Durgan@joaquin.name from postId 25] 
Expecting:
 &lt;false&gt;
to be equal to:
 &lt;true&gt;
but was not.
at ValidateEmails.testPost(ValidateEmails.java:89)
26) [Email: Alexie@alayna.org from postId 26] 
Expecting:
 &lt;false&gt;
to be equal to:
 &lt;true&gt;
but was not.
at ValidateEmails.testPost(ValidateEmails.java:89)
27) [Email: Haven_Barrows@brant.org from postId 26] 
Expecting:
 &lt;false&gt;
to be equal to:
 &lt;true&gt;
but was not.
at ValidateEmails.testPost(ValidateEmails.java:89)
28) [Email: Marianne@maximo.us from postId 26] 
Expecting:
 &lt;false&gt;
to be equal to:
 &lt;true&gt;
but was not.
at ValidateEmails.testPost(ValidateEmails.java:89)
29) [Email: Fanny@danial.com from postId 26] 
Expecting:
 &lt;false&gt;
to be equal to:
 &lt;true&gt;
but was not.
at ValidateEmails.testPost(ValidateEmails.java:89)
30) [Email: Trevion_Kuphal@bernice.name from postId 26] 
Expecting:
 &lt;false&gt;
to be equal to:
 &lt;true&gt;
but was not.
at ValidateEmails.testPost(ValidateEmails.java:89)
31) [Email: Emmet@guy.biz from postId 27] 
Expecting:
 &lt;false&gt;
to be equal to:
 &lt;true&gt;
but was not.
at ValidateEmails.testPost(ValidateEmails.java:89)
32) [Email: Megane.Fritsch@claude.name from postId 27] 
Expecting:
 &lt;false&gt;
to be equal to:
 &lt;true&gt;
but was not.
at ValidateEmails.testPost(ValidateEmails.java:89)
33) [Email: Amya@durward.ca from postId 27] 
Expecting:
 &lt;false&gt;
to be equal to:
 &lt;true&gt;
but was not.
at ValidateEmails.testPost(ValidateEmails.java:89)
34) [Email: Jasen_Rempel@willis.org from postId 27] 
Expecting:
 &lt;false&gt;
to be equal to:
 &lt;true&gt;
but was not.
at ValidateEmails.testPost(ValidateEmails.java:89)
35) [Email: Harmony@reggie.com from postId 27] 
Expecting:
 &lt;false&gt;
to be equal to:
 &lt;true&gt;
but was not.
at ValidateEmails.testPost(ValidateEmails.java:89)
36) [Email: Rosanna_Kunze@guy.net from postId 28] 
Expecting:
 &lt;false&gt;
to be equal to:
 &lt;true&gt;
but was not.
at ValidateEmails.testPost(ValidateEmails.java:89)
37) [Email: Ressie.Boehm@flossie.com from postId 28] 
Expecting:
 &lt;false&gt;
to be equal to:
 &lt;true&gt;
but was not.
at ValidateEmails.testPost(ValidateEmails.java:89)
38) [Email: Domenic.Wuckert@jazmyne.us from postId 28] 
Expecting:
 &lt;false&gt;
to be equal to:
 &lt;true&gt;
but was not.
at ValidateEmails.testPost(ValidateEmails.java:89)
39) [Email: Rhett.OKon@brian.info from postId 28] 
Expecting:
 &lt;false&gt;
to be equal to:
 &lt;true&gt;
but was not.
at ValidateEmails.testPost(ValidateEmails.java:89)
40) [Email: Mathias@richmond.info from postId 28] 
Expecting:
 &lt;false&gt;
to be equal to:
 &lt;true&gt;
but was not.
at ValidateEmails.testPost(ValidateEmails.java:89)
41) [Email: Ottis@lourdes.org from postId 29] 
Expecting:
 &lt;false&gt;
to be equal to:
 &lt;true&gt;
but was not.
at ValidateEmails.testPost(ValidateEmails.java:89)
42) [Email: Estel@newton.ca from postId 29] 
Expecting:
 &lt;false&gt;
to be equal to:
 &lt;true&gt;
but was not.
at ValidateEmails.testPost(ValidateEmails.java:89)
43) [Email: Bertha@erik.co.uk from postId 29] 
Expecting:
 &lt;false&gt;
to be equal to:
 &lt;true&gt;
but was not.
at ValidateEmails.testPost(ValidateEmails.java:89)
44) [Email: Joesph@matteo.info from postId 29] 
Expecting:
 &lt;false&gt;
to be equal to:
 &lt;true&gt;
but was not.
at ValidateEmails.testPost(ValidateEmails.java:89)
45) [Email: Alva@cassandre.net from postId 29] 
Expecting:
 &lt;false&gt;
to be equal to:
 &lt;true&gt;
but was not.
at ValidateEmails.testPost(ValidateEmails.java:89)
46) [Email: Vivienne@willis.org from postId 30] 
Expecting:
 &lt;false&gt;
to be equal to:
 &lt;true&gt;
but was not.
at ValidateEmails.testPost(ValidateEmails.java:89)
47) [Email: Angelita@aliza.me from postId 30] 
Expecting:
 &lt;false&gt;
to be equal to:
 &lt;true&gt;
but was not.
at ValidateEmails.testPost(ValidateEmails.java:89)
48) [Email: Timmothy_Okuneva@alyce.tv from postId 30] 
Expecting:
 &lt;false&gt;
to be equal to:
 &lt;true&gt;
but was not.
at ValidateEmails.testPost(ValidateEmails.java:89)
49) [Email: Moriah_Welch@richmond.org from postId 30] 
Expecting:
 &lt;false&gt;
to be equal to:
 &lt;true&gt;
but was not.
at ValidateEmails.testPost(ValidateEmails.java:89)
50) [Email: Ramiro_Kuhn@harmon.biz from postId 30] 
Expecting:
 &lt;false&gt;
to be equal to:
 &lt;true&gt;
but was not.
at ValidateEmails.testPost(ValidateEmails.java:89)

	at org.assertj.core.error.AssertionErrorCreator.multipleSoftAssertionsError(AssertionErrorCreator.java:75)
	at org.assertj.core.api.SoftAssertions.assertAll(SoftAssertions.java:134)
	at qa.tests.ValidateEmails.testPost(ValidateEmails.java:92)
	at org.apache.maven.plugin.surefire.InPluginVMSurefireStarter.runSuitesInProcess(InPluginVMSurefireStarter.java:82)
	at org.apache.maven.plugin.surefire.AbstractSurefireMojo.executeProvider(AbstractSurefireMojo.java:974)
	at org.apache.maven.plugin.surefire.AbstractSurefireMojo.executeAfterPreconditionsChecked(AbstractSurefireMojo.java:824)
	at org.apache.maven.plugin.surefire.AbstractSurefireMojo.execute(AbstractSurefireMojo.java:722)
	at org.apache.maven.plugin.DefaultBuildPluginManager.executeMojo(DefaultBuildPluginManager.java:137)
	at org.apache.maven.lifecycle.internal.MojoExecutor.execute(MojoExecutor.java:210)
	at org.apache.maven.lifecycle.internal.MojoExecutor.execute(MojoExecutor.java:156)
	at org.apache.maven.lifecycle.internal.MojoExecutor.execute(MojoExecutor.java:148)
	at org.apache.maven.lifecycle.internal.LifecycleModuleBuilder.buildProject(LifecycleModuleBuilder.java:117)
	at org.apache.maven.lifecycle.internal.LifecycleModuleBuilder.buildProject(LifecycleModuleBuilder.java:81)
	at org.apache.maven.lifecycle.internal.builder.singlethreaded.SingleThreadedBuilder.build(SingleThreadedBuilder.java:56)
	at org.apache.maven.lifecycle.internal.LifecycleStarter.execute(LifecycleStarter.java:128)
	at org.apache.maven.DefaultMaven.doExecute(DefaultMaven.java:305)
	at org.apache.maven.DefaultMaven.doExecute(DefaultMaven.java:192)
	at org.apache.maven.DefaultMaven.execute(DefaultMaven.java:105)
	at org.apache.maven.cli.MavenCli.execute(MavenCli.java:956)
	at org.apache.maven.cli.MavenCli.doMain(MavenCli.java:288)
	at org.apache.maven.cli.MavenCli.main(MavenCli.java:192)
	at org.codehaus.plexus.classworlds.launcher.Launcher.launchEnhanced(Launcher.java:282)
	at org.codehaus.plexus.classworlds.launcher.Launcher.launch(Launcher.java:225)
	at org.codehaus.plexus.classworlds.launcher.Launcher.mainWithExitCode(Launcher.java:406)
	at org.codehaus.plexus.classworlds.launcher.Launcher.main(Launcher.java:347)
... Removed 36 stack frames</pre></div><a href='#' onClick='toggleBox("stack-trace1407989658", this, "Click to show all stack frames", "Click to hide stack frames")'>Click to show all stack frames</a>
<div class='stack-trace' id='stack-trace1407989658'><pre>org.assertj.core.api.SoftAssertionError: 
The following 50 assertions failed:
1) [Email: Lura@rod.tv from postId 21] 
Expecting:
 &lt;false&gt;
to be equal to:
 &lt;true&gt;
but was not.
at ValidateEmails.testPost(ValidateEmails.java:89)
2) [Email: Lottie.Zieme@ruben.us from postId 21] 
Expecting:
 &lt;false&gt;
to be equal to:
 &lt;true&gt;
but was not.
at ValidateEmails.testPost(ValidateEmails.java:89)
3) [Email: Winona_Price@jevon.me from postId 21] 
Expecting:
 &lt;false&gt;
to be equal to:
 &lt;true&gt;
but was not.
at ValidateEmails.testPost(ValidateEmails.java:89)
4) [Email: Gabriel@oceane.biz from postId 21] 
Expecting:
 &lt;false&gt;
to be equal to:
 &lt;true&gt;
but was not.
at ValidateEmails.testPost(ValidateEmails.java:89)
5) [Email: Adolph.Ondricka@mozell.co.uk from postId 21] 
Expecting:
 &lt;false&gt;
to be equal to:
 &lt;true&gt;
but was not.
at ValidateEmails.testPost(ValidateEmails.java:89)
6) [Email: Allen@richard.biz from postId 22] 
Expecting:
 &lt;false&gt;
to be equal to:
 &lt;true&gt;
but was not.
at ValidateEmails.testPost(ValidateEmails.java:89)
7) [Email: Nicholaus@mikayla.ca from postId 22] 
Expecting:
 &lt;false&gt;
to be equal to:
 &lt;true&gt;
but was not.
at ValidateEmails.testPost(ValidateEmails.java:89)
8) [Email: Kayla@susanna.org from postId 22] 
Expecting:
 &lt;false&gt;
to be equal to:
 &lt;true&gt;
but was not.
at ValidateEmails.testPost(ValidateEmails.java:89)
9) [Email: Gideon@amina.name from postId 22] 
Expecting:
 &lt;false&gt;
to be equal to:
 &lt;true&gt;
but was not.
at ValidateEmails.testPost(ValidateEmails.java:89)
10) [Email: Cassidy@maribel.io from postId 22] 
Expecting:
 &lt;false&gt;
to be equal to:
 &lt;true&gt;
but was not.
at ValidateEmails.testPost(ValidateEmails.java:89)
11) [Email: Stefan.Crist@duane.ca from postId 23] 
Expecting:
 &lt;false&gt;
to be equal to:
 &lt;true&gt;
but was not.
at ValidateEmails.testPost(ValidateEmails.java:89)
12) [Email: Aniyah.Ortiz@monte.me from postId 23] 
Expecting:
 &lt;false&gt;
to be equal to:
 &lt;true&gt;
but was not.
at ValidateEmails.testPost(ValidateEmails.java:89)
13) [Email: Laverna@rico.biz from postId 23] 
Expecting:
 &lt;false&gt;
to be equal to:
 &lt;true&gt;
but was not.
at ValidateEmails.testPost(ValidateEmails.java:89)
14) [Email: Derek@hildegard.net from postId 23] 
Expecting:
 &lt;false&gt;
to be equal to:
 &lt;true&gt;
but was not.
at ValidateEmails.testPost(ValidateEmails.java:89)
15) [Email: Tyrell@abdullah.ca from postId 23] 
Expecting:
 &lt;false&gt;
to be equal to:
 &lt;true&gt;
but was not.
at ValidateEmails.testPost(ValidateEmails.java:89)
16) [Email: Reyes@hailey.name from postId 24] 
Expecting:
 &lt;false&gt;
to be equal to:
 &lt;true&gt;
but was not.
at ValidateEmails.testPost(ValidateEmails.java:89)
17) [Email: Danika.Dicki@mekhi.biz from postId 24] 
Expecting:
 &lt;false&gt;
to be equal to:
 &lt;true&gt;
but was not.
at ValidateEmails.testPost(ValidateEmails.java:89)
18) [Email: Alessandra.Nitzsche@stephania.us from postId 24] 
Expecting:
 &lt;false&gt;
to be equal to:
 &lt;true&gt;
but was not.
at ValidateEmails.testPost(ValidateEmails.java:89)
19) [Email: Matteo@marquis.net from postId 24] 
Expecting:
 &lt;false&gt;
to be equal to:
 &lt;true&gt;
but was not.
at ValidateEmails.testPost(ValidateEmails.java:89)
20) [Email: Joshua.Spinka@toby.io from postId 24] 
Expecting:
 &lt;false&gt;
to be equal to:
 &lt;true&gt;
but was not.
at ValidateEmails.testPost(ValidateEmails.java:89)
21) [Email: Annabelle@cole.com from postId 25] 
Expecting:
 &lt;false&gt;
to be equal to:
 &lt;true&gt;
but was not.
at ValidateEmails.testPost(ValidateEmails.java:89)
22) [Email: Kacey@jamal.info from postId 25] 
Expecting:
 &lt;false&gt;
to be equal to:
 &lt;true&gt;
but was not.
at ValidateEmails.testPost(ValidateEmails.java:89)
23) [Email: Mina@mallie.name from postId 25] 
Expecting:
 &lt;false&gt;
to be equal to:
 &lt;true&gt;
but was not.
at ValidateEmails.testPost(ValidateEmails.java:89)
24) [Email: Hudson.Blick@ruben.biz from postId 25] 
Expecting:
 &lt;false&gt;
to be equal to:
 &lt;true&gt;
but was not.
at ValidateEmails.testPost(ValidateEmails.java:89)
25) [Email: Domenic.Durgan@joaquin.name from postId 25] 
Expecting:
 &lt;false&gt;
to be equal to:
 &lt;true&gt;
but was not.
at ValidateEmails.testPost(ValidateEmails.java:89)
26) [Email: Alexie@alayna.org from postId 26] 
Expecting:
 &lt;false&gt;
to be equal to:
 &lt;true&gt;
but was not.
at ValidateEmails.testPost(ValidateEmails.java:89)
27) [Email: Haven_Barrows@brant.org from postId 26] 
Expecting:
 &lt;false&gt;
to be equal to:
 &lt;true&gt;
but was not.
at ValidateEmails.testPost(ValidateEmails.java:89)
28) [Email: Marianne@maximo.us from postId 26] 
Expecting:
 &lt;false&gt;
to be equal to:
 &lt;true&gt;
but was not.
at ValidateEmails.testPost(ValidateEmails.java:89)
29) [Email: Fanny@danial.com from postId 26] 
Expecting:
 &lt;false&gt;
to be equal to:
 &lt;true&gt;
but was not.
at ValidateEmails.testPost(ValidateEmails.java:89)
30) [Email: Trevion_Kuphal@bernice.name from postId 26] 
Expecting:
 &lt;false&gt;
to be equal to:
 &lt;true&gt;
but was not.
at ValidateEmails.testPost(ValidateEmails.java:89)
31) [Email: Emmet@guy.biz from postId 27] 
Expecting:
 &lt;false&gt;
to be equal to:
 &lt;true&gt;
but was not.
at ValidateEmails.testPost(ValidateEmails.java:89)
32) [Email: Megane.Fritsch@claude.name from postId 27] 
Expecting:
 &lt;false&gt;
to be equal to:
 &lt;true&gt;
but was not.
at ValidateEmails.testPost(ValidateEmails.java:89)
33) [Email: Amya@durward.ca from postId 27] 
Expecting:
 &lt;false&gt;
to be equal to:
 &lt;true&gt;
but was not.
at ValidateEmails.testPost(ValidateEmails.java:89)
34) [Email: Jasen_Rempel@willis.org from postId 27] 
Expecting:
 &lt;false&gt;
to be equal to:
 &lt;true&gt;
but was not.
at ValidateEmails.testPost(ValidateEmails.java:89)
35) [Email: Harmony@reggie.com from postId 27] 
Expecting:
 &lt;false&gt;
to be equal to:
 &lt;true&gt;
but was not.
at ValidateEmails.testPost(ValidateEmails.java:89)
36) [Email: Rosanna_Kunze@guy.net from postId 28] 
Expecting:
 &lt;false&gt;
to be equal to:
 &lt;true&gt;
but was not.
at ValidateEmails.testPost(ValidateEmails.java:89)
37) [Email: Ressie.Boehm@flossie.com from postId 28] 
Expecting:
 &lt;false&gt;
to be equal to:
 &lt;true&gt;
but was not.
at ValidateEmails.testPost(ValidateEmails.java:89)
38) [Email: Domenic.Wuckert@jazmyne.us from postId 28] 
Expecting:
 &lt;false&gt;
to be equal to:
 &lt;true&gt;
but was not.
at ValidateEmails.testPost(ValidateEmails.java:89)
39) [Email: Rhett.OKon@brian.info from postId 28] 
Expecting:
 &lt;false&gt;
to be equal to:
 &lt;true&gt;
but was not.
at ValidateEmails.testPost(ValidateEmails.java:89)
40) [Email: Mathias@richmond.info from postId 28] 
Expecting:
 &lt;false&gt;
to be equal to:
 &lt;true&gt;
but was not.
at ValidateEmails.testPost(ValidateEmails.java:89)
41) [Email: Ottis@lourdes.org from postId 29] 
Expecting:
 &lt;false&gt;
to be equal to:
 &lt;true&gt;
but was not.
at ValidateEmails.testPost(ValidateEmails.java:89)
42) [Email: Estel@newton.ca from postId 29] 
Expecting:
 &lt;false&gt;
to be equal to:
 &lt;true&gt;
but was not.
at ValidateEmails.testPost(ValidateEmails.java:89)
43) [Email: Bertha@erik.co.uk from postId 29] 
Expecting:
 &lt;false&gt;
to be equal to:
 &lt;true&gt;
but was not.
at ValidateEmails.testPost(ValidateEmails.java:89)
44) [Email: Joesph@matteo.info from postId 29] 
Expecting:
 &lt;false&gt;
to be equal to:
 &lt;true&gt;
but was not.
at ValidateEmails.testPost(ValidateEmails.java:89)
45) [Email: Alva@cassandre.net from postId 29] 
Expecting:
 &lt;false&gt;
to be equal to:
 &lt;true&gt;
but was not.
at ValidateEmails.testPost(ValidateEmails.java:89)
46) [Email: Vivienne@willis.org from postId 30] 
Expecting:
 &lt;false&gt;
to be equal to:
 &lt;true&gt;
but was not.
at ValidateEmails.testPost(ValidateEmails.java:89)
47) [Email: Angelita@aliza.me from postId 30] 
Expecting:
 &lt;false&gt;
to be equal to:
 &lt;true&gt;
but was not.
at ValidateEmails.testPost(ValidateEmails.java:89)
48) [Email: Timmothy_Okuneva@alyce.tv from postId 30] 
Expecting:
 &lt;false&gt;
to be equal to:
 &lt;true&gt;
but was not.
at ValidateEmails.testPost(ValidateEmails.java:89)
49) [Email: Moriah_Welch@richmond.org from postId 30] 
Expecting:
 &lt;false&gt;
to be equal to:
 &lt;true&gt;
but was not.
at ValidateEmails.testPost(ValidateEmails.java:89)
50) [Email: Ramiro_Kuhn@harmon.biz from postId 30] 
Expecting:
 &lt;false&gt;
to be equal to:
 &lt;true&gt;
but was not.
at ValidateEmails.testPost(ValidateEmails.java:89)

	at org.assertj.core.error.AssertionErrorCreator.multipleSoftAssertionsError(AssertionErrorCreator.java:75)
	at org.assertj.core.api.SoftAssertions.assertAll(SoftAssertions.java:134)
	at qa.tests.ValidateEmails.testPost(ValidateEmails.java:92)
	at java.base/jdk.internal.reflect.NativeMethodAccessorImpl.invoke0(Native Method)
	at java.base/jdk.internal.reflect.NativeMethodAccessorImpl.invoke(NativeMethodAccessorImpl.java:62)
	at java.base/jdk.internal.reflect.DelegatingMethodAccessorImpl.invoke(DelegatingMethodAccessorImpl.java:43)
	at java.base/java.lang.reflect.Method.invoke(Method.java:567)
	at org.testng.internal.MethodInvocationHelper.invokeMethod(MethodInvocationHelper.java:124)
	at org.testng.internal.Invoker.invokeMethod(Invoker.java:583)
	at org.testng.internal.Invoker.invokeTestMethod(Invoker.java:719)
	at org.testng.internal.Invoker.invokeTestMethods(Invoker.java:989)
	at org.testng.internal.TestMethodWorker.invokeTestMethods(TestMethodWorker.java:125)
	at org.testng.internal.TestMethodWorker.run(TestMethodWorker.java:109)
	at org.testng.TestRunner.privateRun(TestRunner.java:648)
	at org.testng.TestRunner.run(TestRunner.java:505)
	at org.testng.SuiteRunner.runTest(SuiteRunner.java:455)
	at org.testng.SuiteRunner.runSequentially(SuiteRunner.java:450)
	at org.testng.SuiteRunner.privateRun(SuiteRunner.java:415)
	at org.testng.SuiteRunner.run(SuiteRunner.java:364)
	at org.testng.SuiteRunnerWorker.runSuite(SuiteRunnerWorker.java:52)
	at org.testng.SuiteRunnerWorker.run(SuiteRunnerWorker.java:84)
	at org.testng.TestNG.runSuitesSequentially(TestNG.java:1208)
	at org.testng.TestNG.runSuitesLocally(TestNG.java:1137)
	at org.testng.TestNG.runSuites(TestNG.java:1049)
	at org.testng.TestNG.run(TestNG.java:1017)
	at org.apache.maven.surefire.testng.TestNGExecutor.run(TestNGExecutor.java:295)
	at org.apache.maven.surefire.testng.TestNGXmlTestSuite.execute(TestNGXmlTestSuite.java:84)
	at org.apache.maven.surefire.testng.TestNGProvider.invoke(TestNGProvider.java:90)
	at java.base/jdk.internal.reflect.NativeMethodAccessorImpl.invoke0(Native Method)
	at java.base/jdk.internal.reflect.NativeMethodAccessorImpl.invoke(NativeMethodAccessorImpl.java:62)
	at java.base/jdk.internal.reflect.DelegatingMethodAccessorImpl.invoke(DelegatingMethodAccessorImpl.java:43)
	at java.base/java.lang.reflect.Method.invoke(Method.java:567)
	at org.apache.maven.surefire.util.ReflectionUtils.invokeMethodWithArray2(ReflectionUtils.java:208)
	at org.apache.maven.surefire.booter.ProviderFactory$ProviderProxy.invoke(ProviderFactory.java:155)
	at org.apache.maven.surefire.booter.ProviderFactory.invokeProvider(ProviderFactory.java:81)
	at org.apache.maven.plugin.surefire.InPluginVMSurefireStarter.runSuitesInProcess(InPluginVMSurefireStarter.java:82)
	at org.apache.maven.plugin.surefire.AbstractSurefireMojo.executeProvider(AbstractSurefireMojo.java:974)
	at org.apache.maven.plugin.surefire.AbstractSurefireMojo.executeAfterPreconditionsChecked(AbstractSurefireMojo.java:824)
	at org.apache.maven.plugin.surefire.AbstractSurefireMojo.execute(AbstractSurefireMojo.java:722)
	at org.apache.maven.plugin.DefaultBuildPluginManager.executeMojo(DefaultBuildPluginManager.java:137)
	at org.apache.maven.lifecycle.internal.MojoExecutor.execute(MojoExecutor.java:210)
	at org.apache.maven.lifecycle.internal.MojoExecutor.execute(MojoExecutor.java:156)
	at org.apache.maven.lifecycle.internal.MojoExecutor.execute(MojoExecutor.java:148)
	at org.apache.maven.lifecycle.internal.LifecycleModuleBuilder.buildProject(LifecycleModuleBuilder.java:117)
	at org.apache.maven.lifecycle.internal.LifecycleModuleBuilder.buildProject(LifecycleModuleBuilder.java:81)
	at org.apache.maven.lifecycle.internal.builder.singlethreaded.SingleThreadedBuilder.build(SingleThreadedBuilder.java:56)
	at org.apache.maven.lifecycle.internal.LifecycleStarter.execute(LifecycleStarter.java:128)
	at org.apache.maven.DefaultMaven.doExecute(DefaultMaven.java:305)
	at org.apache.maven.DefaultMaven.doExecute(DefaultMaven.java:192)
	at org.apache.maven.DefaultMaven.execute(DefaultMaven.java:105)
	at org.apache.maven.cli.MavenCli.execute(MavenCli.java:956)
	at org.apache.maven.cli.MavenCli.doMain(MavenCli.java:288)
	at org.apache.maven.cli.MavenCli.main(MavenCli.java:192)
	at java.base/jdk.internal.reflect.NativeMethodAccessorImpl.invoke0(Native Method)
	at java.base/jdk.internal.reflect.NativeMethodAccessorImpl.invoke(NativeMethodAccessorImpl.java:62)
	at java.base/jdk.internal.reflect.DelegatingMethodAccessorImpl.invoke(DelegatingMethodAccessorImpl.java:43)
	at java.base/java.lang.reflect.Method.invoke(Method.java:567)
	at org.codehaus.plexus.classworlds.launcher.Launcher.launchEnhanced(Launcher.java:282)
	at org.codehaus.plexus.classworlds.launcher.Launcher.launch(Launcher.java:225)
	at org.codehaus.plexus.classworlds.launcher.Launcher.mainWithExitCode(Launcher.java:406)
	at org.codehaus.plexus.classworlds.launcher.Launcher.main(Launcher.java:347)
</pre></div></td>
<td>3</td>
<td>qa.tests.ValidateEmails@55881f40</td></tr>
</table><p>
</body>
</html>