<!DOCTYPE html>

<html>
  <head>
  <meta charset='utf-8'>
  <title>TestNG reports</title>

    <link type="text/css" href="testng-reports.css" rel="stylesheet" />
    <script type="text/javascript" src="jquery-1.7.1.min.js"></script>
    <script type="text/javascript" src="testng-reports.js"></script>
    <script type="text/javascript" src="https://www.google.com/jsapi"></script>
    <script type='text/javascript'>
      google.load('visualization', '1', {packages:['table']});
      google.setOnLoadCallback(drawTable);
      var suiteTableInitFunctions = new Array();
      var suiteTableData = new Array();
    </script>
    <!--
      <script type="text/javascript" src="jquery-ui/js/jquery-ui-1.8.16.custom.min.js"></script>
     -->
  </head>

  <body>
    <div class="top-banner-root">
      <span class="top-banner-title-font">Test results</span>
      <br/>
      <span class="top-banner-font-1">1 suite, 1 failed test</span>
    </div> <!-- top-banner-root -->
    <div class="navigator-root">
      <div class="navigator-suite-header">
        <span>All suites</span>
        <a href="#" title="Collapse/expand all the suites" class="collapse-all-link">
          <img src="collapseall.gif" class="collapse-all-icon">
          </img> <!-- collapse-all-icon -->
        </a> <!-- collapse-all-link -->
      </div> <!-- navigator-suite-header -->
      <div class="suite">
        <div class="rounded-window">
          <div class="suite-header light-rounded-window-top">
            <a href="#" panel-name="suite-test" class="navigator-link">
              <span class="suite-name border-failed">test</span>
            </a> <!-- navigator-link -->
          </div> <!-- suite-header light-rounded-window-top -->
          <div class="navigator-suite-content">
            <div class="suite-section-title">
              <span>Info</span>
            </div> <!-- suite-section-title -->
            <div class="suite-section-content">
              <ul>
                <li>
                  <a href="#" panel-name="test-xml-test" class="navigator-link ">
                    <span>testng.xml</span>
                  </a> <!-- navigator-link  -->
                </li>
                <li>
                  <a href="#" panel-name="testlist-test" class="navigator-link ">
                    <span class="test-stats">1 test</span>
                  </a> <!-- navigator-link  -->
                </li>
                <li>
                  <a href="#" panel-name="group-test" class="navigator-link ">
                    <span>0 groups</span>
                  </a> <!-- navigator-link  -->
                </li>
                <li>
                  <a href="#" panel-name="times-test" class="navigator-link ">
                    <span>Times</span>
                  </a> <!-- navigator-link  -->
                </li>
                <li>
                  <a href="#" panel-name="reporter-test" class="navigator-link ">
                    <span>Reporter output</span>
                  </a> <!-- navigator-link  -->
                </li>
                <li>
                  <a href="#" panel-name="ignored-methods-test" class="navigator-link ">
                    <span>Ignored methods</span>
                  </a> <!-- navigator-link  -->
                </li>
                <li>
                  <a href="#" panel-name="chronological-test" class="navigator-link ">
                    <span>Chronological view</span>
                  </a> <!-- navigator-link  -->
                </li>
              </ul>
            </div> <!-- suite-section-content -->
            <div class="result-section">
              <div class="suite-section-title">
                <span>Results</span>
              </div> <!-- suite-section-title -->
              <div class="suite-section-content">
                <ul>
                  <li>
                    <span class="method-stats">1 method, 1 failed,   </span>
                  </li>
                  <li>
                    <span class="method-list-title failed">Failed methods</span>
                    <span class="show-or-hide-methods failed">
                      <a href="#" panel-name="suite-test" class="hide-methods failed suite-test"> (hide)</a> <!-- hide-methods failed suite-test -->
                      <a href="#" panel-name="suite-test" class="show-methods failed suite-test"> (show)</a> <!-- show-methods failed suite-test -->
                    </span>
                    <div class="method-list-content failed suite-test">
                      <span>
                        <img src="failed.png" width="3%"/>
                        <a href="#" panel-name="suite-test" title="qa.tests.ValidateEmails" class="method navigator-link" hash-for-method="testPost">testPost</a> <!-- method navigator-link -->
                      </span>
                      <br/>
                    </div> <!-- method-list-content failed suite-test -->
                  </li>
                </ul>
              </div> <!-- suite-section-content -->
            </div> <!-- result-section -->
          </div> <!-- navigator-suite-content -->
        </div> <!-- rounded-window -->
      </div> <!-- suite -->
    </div> <!-- navigator-root -->
    <div class="wrapper">
      <div class="main-panel-root">
        <div panel-name="suite-test" class="panel test">
          <div class="suite-test-class-failed">
            <div class="main-panel-header rounded-window-top">
              <img src="failed.png"/>
              <span class="class-name">qa.tests.ValidateEmails</span>
            </div> <!-- main-panel-header rounded-window-top -->
            <div class="main-panel-content rounded-window-bottom">
              <div class="method">
                <div class="method-content">
                  <a name="testPost">
                  </a> <!-- testPost -->
                  <span class="method-name">testPost</span>
                  <div class="stack-trace">org.assertj.core.api.SoftAssertionError: 
The following 50 assertions failed:
1) [Email: Lura@rod.tv from postId 21] 
Expecting:
 &lt;false&gt;
to be equal to:
 &lt;true&gt;
but was not.
at ValidateEmails.testPost(ValidateEmails.java:86)
2) [Email: Lottie.Zieme@ruben.us from postId 21] 
Expecting:
 &lt;false&gt;
to be equal to:
 &lt;true&gt;
but was not.
at ValidateEmails.testPost(ValidateEmails.java:86)
3) [Email: Winona_Price@jevon.me from postId 21] 
Expecting:
 &lt;false&gt;
to be equal to:
 &lt;true&gt;
but was not.
at ValidateEmails.testPost(ValidateEmails.java:86)
4) [Email: Gabriel@oceane.biz from postId 21] 
Expecting:
 &lt;false&gt;
to be equal to:
 &lt;true&gt;
but was not.
at ValidateEmails.testPost(ValidateEmails.java:86)
5) [Email: Adolph.Ondricka@mozell.co.uk from postId 21] 
Expecting:
 &lt;false&gt;
to be equal to:
 &lt;true&gt;
but was not.
at ValidateEmails.testPost(ValidateEmails.java:86)
6) [Email: Allen@richard.biz from postId 22] 
Expecting:
 &lt;false&gt;
to be equal to:
 &lt;true&gt;
but was not.
at ValidateEmails.testPost(ValidateEmails.java:86)
7) [Email: Nicholaus@mikayla.ca from postId 22] 
Expecting:
 &lt;false&gt;
to be equal to:
 &lt;true&gt;
but was not.
at ValidateEmails.testPost(ValidateEmails.java:86)
8) [Email: Kayla@susanna.org from postId 22] 
Expecting:
 &lt;false&gt;
to be equal to:
 &lt;true&gt;
but was not.
at ValidateEmails.testPost(ValidateEmails.java:86)
9) [Email: Gideon@amina.name from postId 22] 
Expecting:
 &lt;false&gt;
to be equal to:
 &lt;true&gt;
but was not.
at ValidateEmails.testPost(ValidateEmails.java:86)
10) [Email: Cassidy@maribel.io from postId 22] 
Expecting:
 &lt;false&gt;
to be equal to:
 &lt;true&gt;
but was not.
at ValidateEmails.testPost(ValidateEmails.java:86)
11) [Email: Stefan.Crist@duane.ca from postId 23] 
Expecting:
 &lt;false&gt;
to be equal to:
 &lt;true&gt;
but was not.
at ValidateEmails.testPost(ValidateEmails.java:86)
12) [Email: Aniyah.Ortiz@monte.me from postId 23] 
Expecting:
 &lt;false&gt;
to be equal to:
 &lt;true&gt;
but was not.
at ValidateEmails.testPost(ValidateEmails.java:86)
13) [Email: Laverna@rico.biz from postId 23] 
Expecting:
 &lt;false&gt;
to be equal to:
 &lt;true&gt;
but was not.
at ValidateEmails.testPost(ValidateEmails.java:86)
14) [Email: Derek@hildegard.net from postId 23] 
Expecting:
 &lt;false&gt;
to be equal to:
 &lt;true&gt;
but was not.
at ValidateEmails.testPost(ValidateEmails.java:86)
15) [Email: Tyrell@abdullah.ca from postId 23] 
Expecting:
 &lt;false&gt;
to be equal to:
 &lt;true&gt;
but was not.
at ValidateEmails.testPost(ValidateEmails.java:86)
16) [Email: Reyes@hailey.name from postId 24] 
Expecting:
 &lt;false&gt;
to be equal to:
 &lt;true&gt;
but was not.
at ValidateEmails.testPost(ValidateEmails.java:86)
17) [Email: Danika.Dicki@mekhi.biz from postId 24] 
Expecting:
 &lt;false&gt;
to be equal to:
 &lt;true&gt;
but was not.
at ValidateEmails.testPost(ValidateEmails.java:86)
18) [Email: Alessandra.Nitzsche@stephania.us from postId 24] 
Expecting:
 &lt;false&gt;
to be equal to:
 &lt;true&gt;
but was not.
at ValidateEmails.testPost(ValidateEmails.java:86)
19) [Email: Matteo@marquis.net from postId 24] 
Expecting:
 &lt;false&gt;
to be equal to:
 &lt;true&gt;
but was not.
at ValidateEmails.testPost(ValidateEmails.java:86)
20) [Email: Joshua.Spinka@toby.io from postId 24] 
Expecting:
 &lt;false&gt;
to be equal to:
 &lt;true&gt;
but was not.
at ValidateEmails.testPost(ValidateEmails.java:86)
21) [Email: Annabelle@cole.com from postId 25] 
Expecting:
 &lt;false&gt;
to be equal to:
 &lt;true&gt;
but was not.
at ValidateEmails.testPost(ValidateEmails.java:86)
22) [Email: Kacey@jamal.info from postId 25] 
Expecting:
 &lt;false&gt;
to be equal to:
 &lt;true&gt;
but was not.
at ValidateEmails.testPost(ValidateEmails.java:86)
23) [Email: Mina@mallie.name from postId 25] 
Expecting:
 &lt;false&gt;
to be equal to:
 &lt;true&gt;
but was not.
at ValidateEmails.testPost(ValidateEmails.java:86)
24) [Email: Hudson.Blick@ruben.biz from postId 25] 
Expecting:
 &lt;false&gt;
to be equal to:
 &lt;true&gt;
but was not.
at ValidateEmails.testPost(ValidateEmails.java:86)
25) [Email: Domenic.Durgan@joaquin.name from postId 25] 
Expecting:
 &lt;false&gt;
to be equal to:
 &lt;true&gt;
but was not.
at ValidateEmails.testPost(ValidateEmails.java:86)
26) [Email: Alexie@alayna.org from postId 26] 
Expecting:
 &lt;false&gt;
to be equal to:
 &lt;true&gt;
but was not.
at ValidateEmails.testPost(ValidateEmails.java:86)
27) [Email: Haven_Barrows@brant.org from postId 26] 
Expecting:
 &lt;false&gt;
to be equal to:
 &lt;true&gt;
but was not.
at ValidateEmails.testPost(ValidateEmails.java:86)
28) [Email: Marianne@maximo.us from postId 26] 
Expecting:
 &lt;false&gt;
to be equal to:
 &lt;true&gt;
but was not.
at ValidateEmails.testPost(ValidateEmails.java:86)
29) [Email: Fanny@danial.com from postId 26] 
Expecting:
 &lt;false&gt;
to be equal to:
 &lt;true&gt;
but was not.
at ValidateEmails.testPost(ValidateEmails.java:86)
30) [Email: Trevion_Kuphal@bernice.name from postId 26] 
Expecting:
 &lt;false&gt;
to be equal to:
 &lt;true&gt;
but was not.
at ValidateEmails.testPost(ValidateEmails.java:86)
31) [Email: Emmet@guy.biz from postId 27] 
Expecting:
 &lt;false&gt;
to be equal to:
 &lt;true&gt;
but was not.
at ValidateEmails.testPost(ValidateEmails.java:86)
32) [Email: Megane.Fritsch@claude.name from postId 27] 
Expecting:
 &lt;false&gt;
to be equal to:
 &lt;true&gt;
but was not.
at ValidateEmails.testPost(ValidateEmails.java:86)
33) [Email: Amya@durward.ca from postId 27] 
Expecting:
 &lt;false&gt;
to be equal to:
 &lt;true&gt;
but was not.
at ValidateEmails.testPost(ValidateEmails.java:86)
34) [Email: Jasen_Rempel@willis.org from postId 27] 
Expecting:
 &lt;false&gt;
to be equal to:
 &lt;true&gt;
but was not.
at ValidateEmails.testPost(ValidateEmails.java:86)
35) [Email: Harmony@reggie.com from postId 27] 
Expecting:
 &lt;false&gt;
to be equal to:
 &lt;true&gt;
but was not.
at ValidateEmails.testPost(ValidateEmails.java:86)
36) [Email: Rosanna_Kunze@guy.net from postId 28] 
Expecting:
 &lt;false&gt;
to be equal to:
 &lt;true&gt;
but was not.
at ValidateEmails.testPost(ValidateEmails.java:86)
37) [Email: Ressie.Boehm@flossie.com from postId 28] 
Expecting:
 &lt;false&gt;
to be equal to:
 &lt;true&gt;
but was not.
at ValidateEmails.testPost(ValidateEmails.java:86)
38) [Email: Domenic.Wuckert@jazmyne.us from postId 28] 
Expecting:
 &lt;false&gt;
to be equal to:
 &lt;true&gt;
but was not.
at ValidateEmails.testPost(ValidateEmails.java:86)
39) [Email: Rhett.OKon@brian.info from postId 28] 
Expecting:
 &lt;false&gt;
to be equal to:
 &lt;true&gt;
but was not.
at ValidateEmails.testPost(ValidateEmails.java:86)
40) [Email: Mathias@richmond.info from postId 28] 
Expecting:
 &lt;false&gt;
to be equal to:
 &lt;true&gt;
but was not.
at ValidateEmails.testPost(ValidateEmails.java:86)
41) [Email: Ottis@lourdes.org from postId 29] 
Expecting:
 &lt;false&gt;
to be equal to:
 &lt;true&gt;
but was not.
at ValidateEmails.testPost(ValidateEmails.java:86)
42) [Email: Estel@newton.ca from postId 29] 
Expecting:
 &lt;false&gt;
to be equal to:
 &lt;true&gt;
but was not.
at ValidateEmails.testPost(ValidateEmails.java:86)
43) [Email: Bertha@erik.co.uk from postId 29] 
Expecting:
 &lt;false&gt;
to be equal to:
 &lt;true&gt;
but was not.
at ValidateEmails.testPost(ValidateEmails.java:86)
44) [Email: Joesph@matteo.info from postId 29] 
Expecting:
 &lt;false&gt;
to be equal to:
 &lt;true&gt;
but was not.
at ValidateEmails.testPost(ValidateEmails.java:86)
45) [Email: Alva@cassandre.net from postId 29] 
Expecting:
 &lt;false&gt;
to be equal to:
 &lt;true&gt;
but was not.
at ValidateEmails.testPost(ValidateEmails.java:86)
46) [Email: Vivienne@willis.org from postId 30] 
Expecting:
 &lt;false&gt;
to be equal to:
 &lt;true&gt;
but was not.
at ValidateEmails.testPost(ValidateEmails.java:86)
47) [Email: Angelita@aliza.me from postId 30] 
Expecting:
 &lt;false&gt;
to be equal to:
 &lt;true&gt;
but was not.
at ValidateEmails.testPost(ValidateEmails.java:86)
48) [Email: Timmothy_Okuneva@alyce.tv from postId 30] 
Expecting:
 &lt;false&gt;
to be equal to:
 &lt;true&gt;
but was not.
at ValidateEmails.testPost(ValidateEmails.java:86)
49) [Email: Moriah_Welch@richmond.org from postId 30] 
Expecting:
 &lt;false&gt;
to be equal to:
 &lt;true&gt;
but was not.
at ValidateEmails.testPost(ValidateEmails.java:86)
50) [Email: Ramiro_Kuhn@harmon.biz from postId 30] 
Expecting:
 &lt;false&gt;
to be equal to:
 &lt;true&gt;
but was not.
at ValidateEmails.testPost(ValidateEmails.java:86)

	at org.assertj.core.error.AssertionErrorCreator.multipleSoftAssertionsError(AssertionErrorCreator.java:75)
	at org.assertj.core.api.SoftAssertions.assertAll(SoftAssertions.java:134)
	at qa.tests.ValidateEmails.testPost(ValidateEmails.java:89)
... Removed 29 stack frames
</div> <!-- stack-trace -->
                </div> <!-- method-content -->
              </div> <!-- method -->
            </div> <!-- main-panel-content rounded-window-bottom -->
          </div> <!-- suite-test-class-failed -->
        </div> <!-- panel test -->
        <div panel-name="test-xml-test" class="panel">
          <div class="main-panel-header rounded-window-top">
            <span class="header-content">/Users/bratislav.miletic/Documents/test/src/test/java/qa/resources/suites/testng.xml</span>
          </div> <!-- main-panel-header rounded-window-top -->
          <div class="main-panel-content rounded-window-bottom">
            <pre>
&lt;?xml version=&quot;1.0&quot; encoding=&quot;UTF-8&quot;?&gt;
&lt;!DOCTYPE suite SYSTEM &quot;http://testng.org/testng-1.0.dtd&quot;&gt;
&lt;suite configfailurepolicy=&quot;continue&quot; thread-count=&quot;1&quot; name=&quot;test&quot; guice-stage=&quot;DEVELOPMENT&quot; verbose=&quot;0&quot;&gt;
  &lt;test thread-count=&quot;1&quot; name=&quot;test&quot; verbose=&quot;0&quot;&gt;
    &lt;classes&gt;
      &lt;class name=&quot;qa.tests.ValidateEmails&quot;/&gt;
    &lt;/classes&gt;
  &lt;/test&gt; &lt;!-- test --&gt;
&lt;/suite&gt; &lt;!-- test --&gt;
            </pre>
          </div> <!-- main-panel-content rounded-window-bottom -->
        </div> <!-- panel -->
        <div panel-name="testlist-test" class="panel">
          <div class="main-panel-header rounded-window-top">
            <span class="header-content">Tests for test</span>
          </div> <!-- main-panel-header rounded-window-top -->
          <div class="main-panel-content rounded-window-bottom">
            <ul>
              <li>
                <span class="test-name">test (1 class)</span>
              </li>
            </ul>
          </div> <!-- main-panel-content rounded-window-bottom -->
        </div> <!-- panel -->
        <div panel-name="group-test" class="panel">
          <div class="main-panel-header rounded-window-top">
            <span class="header-content">Groups for test</span>
          </div> <!-- main-panel-header rounded-window-top -->
          <div class="main-panel-content rounded-window-bottom">
          </div> <!-- main-panel-content rounded-window-bottom -->
        </div> <!-- panel -->
        <div panel-name="times-test" class="panel">
          <div class="main-panel-header rounded-window-top">
            <span class="header-content">Times for test</span>
          </div> <!-- main-panel-header rounded-window-top -->
          <div class="main-panel-content rounded-window-bottom">
            <div class="times-div">
              <script type="text/javascript">
suiteTableInitFunctions.push('tableData_test');
function tableData_test() {
var data = new google.visualization.DataTable();
data.addColumn('number', 'Number');
data.addColumn('string', 'Method');
data.addColumn('string', 'Class');
data.addColumn('number', 'Time (ms)');
data.addRows(1);
data.setCell(0, 0, 0)
data.setCell(0, 1, 'testPost')
data.setCell(0, 2, 'qa.tests.ValidateEmails')
data.setCell(0, 3, 3768);
window.suiteTableData['test']= { tableData: data, tableDiv: 'times-div-test'}
return data;
}
              </script>
              <span class="suite-total-time">Total running time: 3 seconds</span>
              <div id="times-div-test">
              </div> <!-- times-div-test -->
            </div> <!-- times-div -->
          </div> <!-- main-panel-content rounded-window-bottom -->
        </div> <!-- panel -->
        <div panel-name="reporter-test" class="panel">
          <div class="main-panel-header rounded-window-top">
            <span class="header-content">Reporter output for test</span>
          </div> <!-- main-panel-header rounded-window-top -->
          <div class="main-panel-content rounded-window-bottom">
          </div> <!-- main-panel-content rounded-window-bottom -->
        </div> <!-- panel -->
        <div panel-name="ignored-methods-test" class="panel">
          <div class="main-panel-header rounded-window-top">
            <span class="header-content">0 ignored methods</span>
          </div> <!-- main-panel-header rounded-window-top -->
          <div class="main-panel-content rounded-window-bottom">
          </div> <!-- main-panel-content rounded-window-bottom -->
        </div> <!-- panel -->
        <div panel-name="chronological-test" class="panel">
          <div class="main-panel-header rounded-window-top">
            <span class="header-content">Methods in chronological order</span>
          </div> <!-- main-panel-header rounded-window-top -->
          <div class="main-panel-content rounded-window-bottom">
            <div class="chronological-class">
              <div class="chronological-class-name">qa.tests.ValidateEmails</div> <!-- chronological-class-name -->
              <div class="configuration-class before">
                <span class="method-name">setup</span>
                <span class="method-start">0 ms</span>
              </div> <!-- configuration-class before -->
              <div class="test-method">
                <img src="failed.png">
                </img>
                <span class="method-name">testPost</span>
                <span class="method-start">339 ms</span>
              </div> <!-- test-method -->
          </div> <!-- main-panel-content rounded-window-bottom -->
        </div> <!-- panel -->
      </div> <!-- main-panel-root -->
    </div> <!-- wrapper -->
  </body>
</html>
